Nonterminals useless in grammar

   Lista
   Niz_br


Terminals unused in grammar

   "print"
   "["
   "]"
   "+"
   "-"
   "*"
   "("
   ")"
   "="
   "=="
   "<"
   ">"
   "<="
   ">="
   ";"
   ","
   "identifier"
   "number"
   "/"


Grammar

    0 $accept: Program "end of file"

    1 Program: Naredba Program
    2        | Naredba

    3 Naredba: "\n"


Terminals, with rules where they appear

"end of file" (0) 0
error (256)
"print" (258)
"[" (259)
"]" (260)
"+" (261)
"-" (262)
"*" (263)
"\n" (264) 3
"(" (265)
")" (266)
"=" (267)
"==" (268)
"<" (269)
">" (270)
"<=" (271)
">=" (272)
";" (273)
"," (274)
"identifier" <std::string> (275)
"number" <int> (276)
"/" (277)


Nonterminals, with rules where they appear

$accept (23)
    on left: 0
Program (24)
    on left: 1 2, on right: 0 1
Naredba (25)
    on left: 3, on right: 1 2


State 0

    0 $accept: . Program "end of file"

    "\n"  shift, and go to state 1

    Program  go to state 2
    Naredba  go to state 3


State 1

    3 Naredba: "\n" .

    $default  reduce using rule 3 (Naredba)


State 2

    0 $accept: Program . "end of file"

    "end of file"  shift, and go to state 4


State 3

    1 Program: Naredba . Program
    2        | Naredba .

    "\n"  shift, and go to state 1

    $default  reduce using rule 2 (Program)

    Program  go to state 5
    Naredba  go to state 3


State 4

    0 $accept: Program "end of file" .

    $default  accept


State 5

    1 Program: Naredba Program .

    $default  reduce using rule 1 (Program)
